Successfully extracted text from https://www.geeks5g.com/website-design-intake-form/ and updated data\www.geeks5g.com/_1.txt
Successfully extracted text from https://www.geeks5g.com/social-media-client-intake-form/ and updated data\www.geeks5g.com/_2.txt
Successfully extracted text from http://www.geeks5g.com and updated data\www.geeks5g.com/_3.txt
Successfully extracted text from https://www.geeks5g.com/about-us/ and updated data\www.geeks5g.com/_4.txt
Successfully extracted text from https://www.geeks5g.com/web-design/ and updated data\www.geeks5g.com/_5.txt
Successfully extracted text from https://www.geeks5g.com/social-media-management/ and updated data\www.geeks5g.com/_6.txt
Successfully extracted text from https://www.geeks5g.com/seo/ and updated data\www.geeks5g.com/_7.txt
Successfully extracted text from https://www.geeks5g.com/paid-campaigns/ and updated data\www.geeks5g.com/_8.txt
Successfully extracted text from https://www.geeks5g.com/crm-integration/ and updated data\www.geeks5g.com/_9.txt
Successfully extracted text from https://www.geeks5g.com/website-design-development-pricing/ and updated data\www.geeks5g.com/_10.txt
Successfully extracted text from https://www.geeks5g.com/social-media-management-pricing/ and updated data\www.geeks5g.com/_11.txt
Successfully extracted text from https://www.geeks5g.com/seo-pricing/ and updated data\www.geeks5g.com/_12.txt
Successfully extracted text from https://www.geeks5g.com/our-work/ and updated data\www.geeks5g.com/_13.txt
Successfully extracted text from https://www.geeks5g.com/contact-us/ and updated data\www.geeks5g.com/_14.txt
Successfully extracted text from https://www.geeks5g.com/about-us/ and updated data\www.geeks5g.com/_15.txt
Successfully extracted text from https://www.geeks5g.com/web-design/ and updated data\www.geeks5g.com/_16.txt
Successfully extracted text from https://www.geeks5g.com/social-media-management/ and updated data\www.geeks5g.com/_17.txt
Successfully extracted text from https://www.geeks5g.com/seo/ and updated data\www.geeks5g.com/_18.txt
Successfully extracted text from https://www.geeks5g.com/paid-campaigns/ and updated data\www.geeks5g.com/_19.txt
Successfully extracted text from https://www.geeks5g.com/crm-integration/ and updated data\www.geeks5g.com/_20.txt
Successfully extracted text from https://www.geeks5g.com/website-design-development-pricing/ and updated data\www.geeks5g.com/_21.txt
Successfully extracted text from https://www.geeks5g.com/social-media-management-pricing/ and updated data\www.geeks5g.com/_22.txt
Successfully extracted text from https://www.geeks5g.com/seo-pricing/ and updated data\www.geeks5g.com/_23.txt
Successfully extracted text from https://www.geeks5g.com/our-work/ and updated data\www.geeks5g.com/_24.txt
Successfully extracted text from https://www.geeks5g.com/contact-us/ and updated data\www.geeks5g.com/_25.txt
Successfully extracted text from http://www.geeks5g.com and updated data\www.geeks5g.com/_26.txt
Successfully extracted text from https://www.geeks5g.com/about-us/ and updated data\www.geeks5g.com/_27.txt
Successfully extracted text from https://www.geeks5g.com/web-design/ and updated data\www.geeks5g.com/_28.txt
Successfully extracted text from https://www.geeks5g.com/social-media-management/ and updated data\www.geeks5g.com/_29.txt
Successfully extracted text from https://www.geeks5g.com/seo/ and updated data\www.geeks5g.com/_30.txt
Successfully extracted text from https://www.geeks5g.com/paid-campaigns/ and updated data\www.geeks5g.com/_31.txt
Successfully extracted text from https://www.geeks5g.com/crm-integration/ and updated data\www.geeks5g.com/_32.txt
Successfully extracted text from https://www.geeks5g.com/website-design-development-pricing/ and updated data\www.geeks5g.com/_33.txt
Successfully extracted text from https://www.geeks5g.com/social-media-management-pricing/ and updated data\www.geeks5g.com/_34.txt
Successfully extracted text from https://www.geeks5g.com/seo-pricing/ and updated data\www.geeks5g.com/_35.txt
Successfully extracted text from https://www.geeks5g.com/our-work/ and updated data\www.geeks5g.com/_36.txt
Successfully extracted text from https://www.geeks5g.com/contact-us/ and updated data\www.geeks5g.com/_37.txt
Successfully extracted text from https://www.geeks5g.com/about-us/ and updated data\www.geeks5g.com/_38.txt
Successfully extracted text from https://www.geeks5g.com/web-design/ and updated data\www.geeks5g.com/_39.txt
Successfully extracted text from https://www.geeks5g.com/social-media-management/ and updated data\www.geeks5g.com/_40.txt
Successfully extracted text from https://www.geeks5g.com/seo/ and updated data\www.geeks5g.com/_41.txt
Successfully extracted text from https://www.geeks5g.com/paid-campaigns/ and updated data\www.geeks5g.com/_42.txt
Successfully extracted text from https://www.geeks5g.com/crm-integration/ and updated data\www.geeks5g.com/_43.txt
Successfully extracted text from https://www.geeks5g.com/website-design-development-pricing/ and updated data\www.geeks5g.com/_44.txt
Successfully extracted text from https://www.geeks5g.com/social-media-management-pricing/ and updated data\www.geeks5g.com/_45.txt
Successfully extracted text from https://www.geeks5g.com/seo-pricing/ and updated data\www.geeks5g.com/_46.txt
Successfully extracted text from https://www.geeks5g.com/our-work/ and updated data\www.geeks5g.com/_47.txt
Successfully extracted text from https://www.geeks5g.com/contact-us/ and updated data\www.geeks5g.com/_48.txt
Successfully extracted text from https://www.geeks5g.com/web-design/ and updated data\www.geeks5g.com/_49.txt
Successfully extracted text from https://www.geeks5g.com/paid-campaigns/ and updated data\www.geeks5g.com/_50.txt
Successfully extracted text from https://www.geeks5g.com/seo/ and updated data\www.geeks5g.com/_51.txt
Successfully extracted text from https://www.geeks5g.com/web-design/ and updated data\www.geeks5g.com/_52.txt
Successfully extracted text from https://www.geeks5g.com/portfolio/ and updated data\www.geeks5g.com/_53.txt
Successfully extracted text from https://www.google.com/maps/place/Geeks5g/@30.3449164,-97.7133698,15z/data=!4m2!3m1!1s0x0:0xdd26b8620cc5ea37?sa=X&ved=2ahUKEwitkL7VhqiAAxWynGoFHT2_AbIQ_BJ6BAhDEAA&ved=2ahUKEwitkL7VhqiAAxWynGoFHT2_AbIQ_BJ6BAhdEAk and updated data\www.geeks5g.com/_54.txt
Successfully extracted text from https://www.geeks5g.com/blogs/ and updated data\www.geeks5g.com/_55.txt
Successfully extracted text from https://www.geeks5g.com/why-you-need-to-create-a-website-for-your-beauty-salon/ and updated data\www.geeks5g.com/_56.txt
Successfully extracted text from https://www.geeks5g.com/why-you-need-to-create-a-website-for-your-beauty-salon/ and updated data\www.geeks5g.com/_57.txt
Successfully extracted text from https://www.geeks5g.com/4-key-elements-of-a-good-seo-strategy-for-the-automotive-industry/ and updated data\www.geeks5g.com/_58.txt
Successfully extracted text from https://www.geeks5g.com/4-key-elements-of-a-good-seo-strategy-for-the-automotive-industry/ and updated data\www.geeks5g.com/_59.txt
Successfully extracted text from https://www.geeks5g.com/does-seo-help-your-logistics-company/ and updated data\www.geeks5g.com/_60.txt
Successfully extracted text from https://www.geeks5g.com/does-seo-help-your-logistics-company/ and updated data\www.geeks5g.com/_61.txt
Successfully extracted text from https://www.geeks5g.com/get-your-towing-business-out-of-the-ditch-with-the-power-of-seo/ and updated data\www.geeks5g.com/_62.txt
Successfully extracted text from https://www.geeks5g.com/get-your-towing-business-out-of-the-ditch-with-the-power-of-seo/ and updated data\www.geeks5g.com/_63.txt
Successfully extracted text from https://www.geeks5g.com/page/2/ and updated data\www.geeks5g.com/_64.txt
Successfully extracted text from https://www.geeks5g.com/page/3/ and updated data\www.geeks5g.com/_65.txt
Successfully extracted text from https://www.geeks5g.com/page/5/ and updated data\www.geeks5g.com/_66.txt
Successfully extracted text from https://www.geeks5g.com/page/2/ and updated data\www.geeks5g.com/_67.txt
Successfully extracted text from https://www.geeks5g.com/contact-us/ and updated data\www.geeks5g.com/_68.txt
Successfully extracted text from https://www.geeks5g.com/blogs/ and updated data\www.geeks5g.com/_69.txt
Successfully extracted text from https://www.geeks5g.com/privacy-policy/ and updated data\www.geeks5g.com/_70.txt
Successfully extracted text from https://www.geeks5g.com/contact-us/ and updated data\www.geeks5g.com/_71.txt
Successfully extracted text from https://www.geeks5g.com/blogs/ and updated data\www.geeks5g.com/_72.txt
Successfully extracted text from https://www.geeks5g.com/privacy-policy/ and updated data\www.geeks5g.com/_73.txt
