Successfully extracted text from https://www.geeks5g.com/website-design-intake-form/ and updated data\gree/.txt
Successfully extracted text from https://www.geeks5g.com/social-media-client-intake-form/ and updated data\gree/.txt
Successfully extracted text from http://www.geeks5g.com and updated data\gree/.txt
Successfully extracted text from https://www.geeks5g.com/about-us/ and updated data\gree/.txt
Successfully extracted text from https://www.geeks5g.com/web-design/ and updated data\gree/.txt
Successfully extracted text from https://www.geeks5g.com/website-design-intake-form/ and updated data\gree/.txt
Successfully extracted text from https://www.geeks5g.com/social-media-client-intake-form/ and updated data\gree/.txt
Successfully extracted text from http://www.geeks5g.com and updated data\gree/.txt
Successfully extracted text from https://www.geeks5g.com/about-us/ and updated data\gree/.txt
Successfully extracted text from https://www.geeks5g.com/web-design/ and updated data\gree/.txt
Successfully extracted text from https://www.geeks5g.com/social-media-management/ and updated data\gree/.txt
Successfully extracted text from https://www.geeks5g.com/seo/ and updated data\gree/.txt
Successfully extracted text from https://www.geeks5g.com/paid-campaigns/ and updated data\gree/.txt
Successfully extracted text from https://www.geeks5g.com/crm-integration/ and updated data\gree/.txt
Successfully extracted text from https://www.geeks5g.com/website-design-development-pricing/ and updated data\gree/.txt
Successfully extracted text from https://www.geeks5g.com/social-media-management-pricing/ and updated data\gree/.txt
Successfully extracted text from https://www.geeks5g.com/seo-pricing/ and updated data\gree/.txt
Successfully extracted text from https://www.geeks5g.com/our-work/ and updated data\gree/.txt
Successfully extracted text from https://www.geeks5g.com/contact-us/ and updated data\gree/.txt
Successfully extracted text from https://www.geeks5g.com/about-us/ and updated data\gree/.txt
Successfully extracted text from https://www.geeks5g.com/web-design/ and updated data\gree/.txt
Successfully extracted text from https://www.geeks5g.com/social-media-management/ and updated data\gree/.txt
Successfully extracted text from https://www.geeks5g.com/seo/ and updated data\gree/.txt
Successfully extracted text from https://www.geeks5g.com/paid-campaigns/ and updated data\gree/.txt
Successfully extracted text from https://www.geeks5g.com/crm-integration/ and updated data\gree/.txt
Successfully extracted text from https://www.geeks5g.com/website-design-development-pricing/ and updated data\gree/.txt
Successfully extracted text from https://www.geeks5g.com/social-media-management-pricing/ and updated data\gree/.txt
Successfully extracted text from https://www.geeks5g.com/seo-pricing/ and updated data\gree/.txt
Successfully extracted text from https://www.geeks5g.com/our-work/ and updated data\gree/.txt
Successfully extracted text from https://www.geeks5g.com/contact-us/ and updated data\gree/.txt
Successfully extracted text from http://www.geeks5g.com and updated data\gree/.txt
Successfully extracted text from https://www.geeks5g.com/about-us/ and updated data\gree/.txt
Successfully extracted text from https://www.geeks5g.com/web-design/ and updated data\gree/.txt
Successfully extracted text from https://www.geeks5g.com/social-media-management/ and updated data\gree/.txt
Successfully extracted text from https://www.geeks5g.com/seo/ and updated data\gree/.txt
Successfully extracted text from https://www.geeks5g.com/paid-campaigns/ and updated data\gree/.txt
Successfully extracted text from https://www.geeks5g.com/crm-integration/ and updated data\gree/.txt
Successfully extracted text from https://www.geeks5g.com/website-design-development-pricing/ and updated data\gree/.txt
Successfully extracted text from https://www.geeks5g.com/social-media-management-pricing/ and updated data\gree/.txt
Successfully extracted text from https://www.geeks5g.com/seo-pricing/ and updated data\gree/.txt
Successfully extracted text from https://www.geeks5g.com/our-work/ and updated data\gree/.txt
Successfully extracted text from https://www.geeks5g.com/contact-us/ and updated data\gree/.txt
Successfully extracted text from https://www.geeks5g.com/about-us/ and updated data\gree/.txt
Successfully extracted text from https://www.geeks5g.com/web-design/ and updated data\gree/.txt
Successfully extracted text from https://www.geeks5g.com/social-media-management/ and updated data\gree/.txt
Successfully extracted text from https://www.geeks5g.com/seo/ and updated data\gree/.txt
Successfully extracted text from https://www.geeks5g.com/paid-campaigns/ and updated data\gree/.txt
Successfully extracted text from https://www.geeks5g.com/crm-integration/ and updated data\gree/.txt
Successfully extracted text from https://www.geeks5g.com/website-design-development-pricing/ and updated data\gree/.txt
Successfully extracted text from https://www.geeks5g.com/social-media-management-pricing/ and updated data\gree/.txt
Successfully extracted text from https://www.geeks5g.com/seo-pricing/ and updated data\gree/.txt
Successfully extracted text from https://www.geeks5g.com/our-work/ and updated data\gree/.txt
Successfully extracted text from https://www.geeks5g.com/contact-us/ and updated data\gree/.txt
Successfully extracted text from https://www.geeks5g.com/web-design/ and updated data\gree/.txt
Successfully extracted text from https://www.geeks5g.com/paid-campaigns/ and updated data\gree/.txt
Successfully extracted text from https://www.geeks5g.com/seo/ and updated data\gree/.txt
Successfully extracted text from https://www.geeks5g.com/web-design/ and updated data\gree/.txt
Successfully extracted text from https://www.geeks5g.com/portfolio/ and updated data\gree/.txt
Successfully extracted text from https://www.google.com/maps/place/Geeks5g/@30.3449164,-97.7133698,15z/data=!4m2!3m1!1s0x0:0xdd26b8620cc5ea37?sa=X&ved=2ahUKEwitkL7VhqiAAxWynGoFHT2_AbIQ_BJ6BAhDEAA&ved=2ahUKEwitkL7VhqiAAxWynGoFHT2_AbIQ_BJ6BAhdEAk and updated data\gree/data=!4m2!3m1!1s0x0:0xdd26b8620cc5ea37.txt
Successfully extracted text from https://www.geeks5g.com/blogs/ and updated data\gree/.txt
Successfully extracted text from https://www.geeks5g.com/why-you-need-to-create-a-website-for-your-beauty-salon/ and updated data\gree/.txt
Successfully extracted text from https://www.geeks5g.com/why-you-need-to-create-a-website-for-your-beauty-salon/ and updated data\gree/.txt
Successfully extracted text from https://www.geeks5g.com/4-key-elements-of-a-good-seo-strategy-for-the-automotive-industry/ and updated data\gree/.txt
Successfully extracted text from https://www.geeks5g.com/4-key-elements-of-a-good-seo-strategy-for-the-automotive-industry/ and updated data\gree/.txt
Successfully extracted text from https://www.geeks5g.com/does-seo-help-your-logistics-company/ and updated data\gree/.txt
Successfully extracted text from https://www.geeks5g.com/does-seo-help-your-logistics-company/ and updated data\gree/.txt
Successfully extracted text from https://www.geeks5g.com/get-your-towing-business-out-of-the-ditch-with-the-power-of-seo/ and updated data\gree/.txt
Successfully extracted text from https://www.geeks5g.com/get-your-towing-business-out-of-the-ditch-with-the-power-of-seo/ and updated data\gree/.txt
Successfully extracted text from https://www.geeks5g.com/page/2/ and updated data\gree/.txt
Successfully extracted text from https://www.geeks5g.com/page/3/ and updated data\gree/.txt
Successfully extracted text from https://www.geeks5g.com/page/5/ and updated data\gree/.txt
Successfully extracted text from https://www.geeks5g.com/page/2/ and updated data\gree/.txt
Successfully extracted text from https://www.geeks5g.com/contact-us/ and updated data\gree/.txt
Successfully extracted text from https://www.geeks5g.com/blogs/ and updated data\gree/.txt
Successfully extracted text from https://www.geeks5g.com/privacy-policy/ and updated data\gree/.txt
Successfully extracted text from https://www.geeks5g.com/contact-us/ and updated data\gree/.txt
Successfully extracted text from https://www.geeks5g.com/blogs/ and updated data\gree/.txt
Successfully extracted text from https://www.geeks5g.com/privacy-policy/ and updated data\gree/.txt
Successfully extracted text from https://www.geeks5g.com/website-design-intake-form/ and updated data\gree/.txt
Successfully extracted text from https://www.geeks5g.com/social-media-client-intake-form/ and updated data\gree/.txt
Successfully extracted text from http://www.geeks5g.com and updated data\gree/.txt
Successfully extracted text from https://www.geeks5g.com/about-us/ and updated data\gree/.txt
Successfully extracted text from https://www.geeks5g.com/web-design/ and updated data\gree/.txt
Successfully extracted text from https://www.geeks5g.com/social-media-management/ and updated data\gree/.txt
Successfully extracted text from https://www.geeks5g.com/seo/ and updated data\gree/.txt
Successfully extracted text from https://www.geeks5g.com/paid-campaigns/ and updated data\gree/.txt
Successfully extracted text from https://www.geeks5g.com/crm-integration/ and updated data\gree/.txt
Successfully extracted text from https://www.geeks5g.com/website-design-development-pricing/ and updated data\gree/.txt
Successfully extracted text from https://www.geeks5g.com/social-media-management-pricing/ and updated data\gree/.txt
Successfully extracted text from https://www.geeks5g.com/seo-pricing/ and updated data\gree/.txt
Successfully extracted text from https://www.geeks5g.com/our-work/ and updated data\gree/.txt
Successfully extracted text from https://www.geeks5g.com/contact-us/ and updated data\gree/.txt
Successfully extracted text from https://www.geeks5g.com/about-us/ and updated data\gree/.txt
Successfully extracted text from https://www.geeks5g.com/web-design/ and updated data\gree/.txt
Successfully extracted text from https://www.geeks5g.com/website-design-intake-form/ and updated data\gree/.txt
Successfully extracted text from https://www.geeks5g.com/social-media-client-intake-form/ and updated data\gree/.txt
Successfully extracted text from https://www.geeks5g.com/website-design-intake-form/ and updated data\gree/.txt
Successfully extracted text from https://www.geeks5g.com/social-media-client-intake-form/ and updated data\gree/.txt
Successfully extracted text from http://www.geeks5g.com and updated data\gree/.txt
Successfully extracted text from https://www.geeks5g.com/about-us/ and updated data\gree/.txt
Successfully extracted text from https://www.geeks5g.com/web-design/ and updated data\gree/.txt
Successfully extracted text from https://www.geeks5g.com/social-media-management/ and updated data\gree/.txt
Successfully extracted text from https://www.geeks5g.com/seo/ and updated data\gree/.txt
Successfully extracted text from https://www.geeks5g.com/paid-campaigns/ and updated data\gree/.txt
Successfully extracted text from https://www.geeks5g.com/crm-integration/ and updated data\gree/.txt
Successfully extracted text from https://www.geeks5g.com/website-design-development-pricing/ and updated data\gree/.txt
Successfully extracted text from https://www.geeks5g.com/social-media-management-pricing/ and updated data\gree/.txt
Successfully extracted text from https://www.geeks5g.com/seo-pricing/ and updated data\gree/.txt
Successfully extracted text from https://www.geeks5g.com/our-work/ and updated data\gree/.txt
Successfully extracted text from https://www.geeks5g.com/website-design-intake-form/ and updated data\gree/_1.txt
Successfully extracted text from https://www.geeks5g.com/social-media-client-intake-form/ and updated data\gree/_2.txt
Successfully extracted text from http://www.geeks5g.com and updated data\gree/_3.txt
Successfully extracted text from https://www.geeks5g.com/about-us/ and updated data\gree/_4.txt
Successfully extracted text from https://www.geeks5g.com/web-design/ and updated data\gree/_5.txt
Successfully extracted text from https://www.geeks5g.com/social-media-management/ and updated data\gree/_6.txt
Successfully extracted text from https://www.geeks5g.com/seo/ and updated data\gree/_7.txt
Successfully extracted text from https://www.geeks5g.com/paid-campaigns/ and updated data\gree/_8.txt
Successfully extracted text from https://www.geeks5g.com/crm-integration/ and updated data\gree/_9.txt
Successfully extracted text from https://www.geeks5g.com/website-design-development-pricing/ and updated data\gree/_10.txt
Successfully extracted text from https://www.geeks5g.com/social-media-management-pricing/ and updated data\gree/_11.txt
Successfully extracted text from https://www.geeks5g.com/seo-pricing/ and updated data\gree/_12.txt
Successfully extracted text from https://www.geeks5g.com/our-work/ and updated data\gree/_13.txt
Successfully extracted text from https://www.geeks5g.com/contact-us/ and updated data\gree/_14.txt
Successfully extracted text from https://www.geeks5g.com/about-us/ and updated data\gree/_15.txt
Successfully extracted text from https://www.geeks5g.com/web-design/ and updated data\gree/_16.txt
Successfully extracted text from https://www.geeks5g.com/social-media-management/ and updated data\gree/_17.txt
Successfully extracted text from https://www.geeks5g.com/seo/ and updated data\gree/_18.txt
Successfully extracted text from https://www.geeks5g.com/paid-campaigns/ and updated data\gree/_19.txt
Successfully extracted text from https://www.geeks5g.com/crm-integration/ and updated data\gree/_20.txt
Successfully extracted text from https://www.geeks5g.com/website-design-development-pricing/ and updated data\gree/_21.txt
Successfully extracted text from https://www.geeks5g.com/social-media-management-pricing/ and updated data\gree/_22.txt
Successfully extracted text from https://www.geeks5g.com/seo-pricing/ and updated data\gree/_23.txt
Successfully extracted text from https://www.geeks5g.com/our-work/ and updated data\gree/_24.txt
Successfully extracted text from https://www.geeks5g.com/contact-us/ and updated data\gree/_25.txt
Successfully extracted text from http://www.geeks5g.com and updated data\gree/_26.txt
Successfully extracted text from https://www.geeks5g.com/about-us/ and updated data\gree/_27.txt
Successfully extracted text from https://www.geeks5g.com/web-design/ and updated data\gree/_28.txt
Successfully extracted text from https://www.geeks5g.com/social-media-management/ and updated data\gree/_29.txt
Successfully extracted text from https://www.geeks5g.com/seo/ and updated data\gree/_30.txt
Successfully extracted text from https://www.geeks5g.com/paid-campaigns/ and updated data\gree/_31.txt
Successfully extracted text from https://www.geeks5g.com/crm-integration/ and updated data\gree/_32.txt
Successfully extracted text from https://www.geeks5g.com/website-design-development-pricing/ and updated data\gree/_33.txt
Successfully extracted text from https://www.geeks5g.com/social-media-management-pricing/ and updated data\gree/_34.txt
Successfully extracted text from https://www.geeks5g.com/seo-pricing/ and updated data\gree/_35.txt
Successfully extracted text from https://www.geeks5g.com/our-work/ and updated data\gree/_36.txt
Successfully extracted text from https://www.geeks5g.com/contact-us/ and updated data\gree/_37.txt
Successfully extracted text from https://www.geeks5g.com/about-us/ and updated data\gree/_38.txt
Successfully extracted text from https://www.geeks5g.com/web-design/ and updated data\gree/_39.txt
Successfully extracted text from https://www.geeks5g.com/social-media-management/ and updated data\gree/_40.txt
Successfully extracted text from https://www.geeks5g.com/seo/ and updated data\gree/_41.txt
Successfully extracted text from https://www.geeks5g.com/paid-campaigns/ and updated data\gree/_42.txt
Successfully extracted text from https://www.geeks5g.com/crm-integration/ and updated data\gree/_43.txt
Successfully extracted text from https://www.geeks5g.com/website-design-development-pricing/ and updated data\gree/_44.txt
Successfully extracted text from https://www.geeks5g.com/social-media-management-pricing/ and updated data\gree/_45.txt
Successfully extracted text from https://www.geeks5g.com/seo-pricing/ and updated data\gree/_46.txt
Successfully extracted text from https://www.geeks5g.com/our-work/ and updated data\gree/_47.txt
Successfully extracted text from https://www.geeks5g.com/contact-us/ and updated data\gree/_48.txt
Successfully extracted text from https://www.geeks5g.com/web-design/ and updated data\gree/_49.txt
Successfully extracted text from https://www.geeks5g.com/paid-campaigns/ and updated data\gree/_50.txt
Successfully extracted text from https://www.geeks5g.com/seo/ and updated data\gree/_51.txt
Successfully extracted text from https://www.geeks5g.com/web-design/ and updated data\gree/_52.txt
Successfully extracted text from https://www.geeks5g.com/portfolio/ and updated data\gree/_53.txt
Successfully extracted text from https://www.google.com/maps/place/Geeks5g/@30.3449164,-97.7133698,15z/data=!4m2!3m1!1s0x0:0xdd26b8620cc5ea37?sa=X&ved=2ahUKEwitkL7VhqiAAxWynGoFHT2_AbIQ_BJ6BAhDEAA&ved=2ahUKEwitkL7VhqiAAxWynGoFHT2_AbIQ_BJ6BAhdEAk and updated data\gree/_54.txt
Successfully extracted text from https://www.geeks5g.com/blogs/ and updated data\gree/_55.txt
Successfully extracted text from https://www.geeks5g.com/why-you-need-to-create-a-website-for-your-beauty-salon/ and updated data\gree/_56.txt
Successfully extracted text from https://www.geeks5g.com/why-you-need-to-create-a-website-for-your-beauty-salon/ and updated data\gree/_57.txt
Successfully extracted text from https://www.geeks5g.com/4-key-elements-of-a-good-seo-strategy-for-the-automotive-industry/ and updated data\gree/_58.txt
Successfully extracted text from https://www.geeks5g.com/4-key-elements-of-a-good-seo-strategy-for-the-automotive-industry/ and updated data\gree/_59.txt
Successfully extracted text from https://www.geeks5g.com/does-seo-help-your-logistics-company/ and updated data\gree/_60.txt
Successfully extracted text from https://www.geeks5g.com/does-seo-help-your-logistics-company/ and updated data\gree/_61.txt
Successfully extracted text from https://www.geeks5g.com/get-your-towing-business-out-of-the-ditch-with-the-power-of-seo/ and updated data\gree/_62.txt
Successfully extracted text from https://www.geeks5g.com/get-your-towing-business-out-of-the-ditch-with-the-power-of-seo/ and updated data\gree/_63.txt
Successfully extracted text from https://www.geeks5g.com/page/2/ and updated data\gree/_64.txt
Successfully extracted text from https://www.geeks5g.com/page/3/ and updated data\gree/_65.txt
Successfully extracted text from https://www.geeks5g.com/page/5/ and updated data\gree/_66.txt
Successfully extracted text from https://www.geeks5g.com/page/2/ and updated data\gree/_67.txt
Successfully extracted text from https://www.geeks5g.com/contact-us/ and updated data\gree/_68.txt
Successfully extracted text from https://www.geeks5g.com/blogs/ and updated data\gree/_69.txt
Successfully extracted text from https://www.geeks5g.com/privacy-policy/ and updated data\gree/_70.txt
Successfully extracted text from https://www.geeks5g.com/contact-us/ and updated data\gree/_71.txt
Successfully extracted text from https://www.geeks5g.com/blogs/ and updated data\gree/_72.txt
Successfully extracted text from https://www.geeks5g.com/privacy-policy/ and updated data\gree/_73.txt
Successfully extracted text from https://www.geeks5g.com/website-design-intake-form/ and updated data\gree/_1.txt
Successfully extracted text from https://www.geeks5g.com/social-media-client-intake-form/ and updated data\gree/_2.txt
